<?xml version="1.0" encoding="UTF-8"?>
<testng-results ignored="0" total="1" passed="1" failed="0" skipped="0">
  <reporter-output>
  </reporter-output>
  <suite started-at="2024-01-06T12:55:30 IST" name="Default suite" finished-at="2024-01-06T12:56:09 IST" duration-ms="38584">
    <groups>
    </groups>
    <test started-at="2024-01-06T12:55:30 IST" name="Default test" finished-at="2024-01-06T12:56:09 IST" duration-ms="38584">
      <class name="org.saad.eCommerce_tc_4_Hybrid">
        <test-method is-config="true" signature="ConfigureAppium()[pri:0, instance:org.saad.eCommerce_tc_4_Hybrid@795cd85e]" started-at="2024-01-06T12:55:30 IST" name="ConfigureAppium" finished-at="2024-01-06T12:55:43 IST" duration-ms="12491" status="PASS">
          <reporter-output>
          </reporter-output>
        </test-method> <!-- ConfigureAppium -->
        <test-method signature="FillForm()[pri:0, instance:org.saad.eCommerce_tc_4_Hybrid@795cd85e]" started-at="2024-01-06T12:55:43 IST" name="FillForm" finished-at="2024-01-06T12:56:07 IST" duration-ms="24055" status="PASS">
          <reporter-output>
          </reporter-output>
        </test-method> <!-- FillForm -->
        <test-method is-config="true" signature="tearDown()[pri:0, instance:org.saad.eCommerce_tc_4_Hybrid@795cd85e]" started-at="2024-01-06T12:56:07 IST" name="tearDown" finished-at="2024-01-06T12:56:09 IST" duration-ms="1945" status="PASS">
          <reporter-output>
          </reporter-output>
        </test-method> <!-- tearDown -->
      </class> <!-- org.saad.eCommerce_tc_4_Hybrid -->
    </test> <!-- Default test -->
  </suite> <!-- Default suite -->
</testng-results>
